<?xml version="1.0" encoding="UTF-8"?>
<testsuite xmlns:xsi="http://www.w3.org/2001/XMLSchema-instance" xsi:noNamespaceSchemaLocation="https://maven.apache.org/surefire/maven-surefire-plugin/xsd/surefire-test-report-3.0.xsd" version="3.0" name="TestSuite" time="6.337" tests="69" errors="0" skipped="68" failures="1">
  <properties>
[...]
</properties>
  <testcase name="setup" classname="examples.testng.TestNGAssertionsDemo" time="5.699">
    <failure message="Could not start a new session. Response code 500. Message: session not created: This version of ChromeDriver only supports Chrome version 114&#10;Current browser version is 133.0.6943.141 with binary path /usr/bin/google-chrome &#10;Host info: host: &apos;santhosh&apos;, ip: &apos;127.0.0.1&apos;&#10;Build info: version: &apos;4.5.3&apos;, revision: &apos;4b786a1e430&apos;&#10;System info: os.name: &apos;Linux&apos;, os.arch: &apos;amd64&apos;, os.version: &apos;6.8.0-59-generic&apos;, java.version: &apos;17.0.15&apos;&#10;Driver info: org.openqa.selenium.chrome.ChromeDriver&#10;Command: [null, newSession {capabilities=[Capabilities {browserName: chrome, goog:chromeOptions: {args: [], extensions: []}}], desiredCapabilities=Capabilities {browserName: chrome, goog:chromeOptions: {args: [], extensions: []}}}]" type="org.openqa.selenium.SessionNotCreatedException"><![CDATA[org.openqa.selenium.SessionNotCreatedException: 
Could not start a new session. Response code 500. Message: session not created: This version of ChromeDriver only supports Chrome version 114
Current browser version is 133.0.6943.141 with binary path /usr/bin/google-chrome 
Host info: host: 'santhosh', ip: '127.0.0.1'
Build info: version: '4.5.3', revision: '4b786a1e430'
System info: os.name: 'Linux', os.arch: 'amd64', os.version: '6.8.0-59-generic', java.version: '17.0.15'
Driver info: org.openqa.selenium.chrome.ChromeDriver
Command: [null, newSession {capabilities=[Capabilities {browserName: chrome, goog:chromeOptions: {args: [], extensions: []}}], desiredCapabilities=Capabilities {browserName: chrome, goog:chromeOptions: {args: [], extensions: []}}}]
	at org.openqa.selenium.remote.ProtocolHandshake.createSession(ProtocolHandshake.java:144)
	at org.openqa.selenium.remote.ProtocolHandshake.createSession(ProtocolHandshake.java:102)
	at org.openqa.selenium.remote.ProtocolHandshake.createSession(ProtocolHandshake.java:67)
	at org.openqa.selenium.remote.HttpCommandExecutor.execute(HttpCommandExecutor.java:156)
	at org.openqa.selenium.remote.service.DriverCommandExecutor.invokeExecute(DriverCommandExecutor.java:167)
	at org.openqa.selenium.remote.service.DriverCommandExecutor.execute(DriverCommandExecutor.java:142)
	at org.openqa.selenium.remote.RemoteWebDriver.execute(RemoteWebDriver.java:541)
	at org.openqa.selenium.remote.RemoteWebDriver.startSession(RemoteWebDriver.java:242)
	at org.openqa.selenium.remote.RemoteWebDriver.<init>(RemoteWebDriver.java:157)
	at org.openqa.selenium.chromium.ChromiumDriver.<init>(ChromiumDriver.java:101)
	at org.openqa.selenium.chrome.ChromeDriver.<init>(ChromeDriver.java:81)
	at org.openqa.selenium.chrome.ChromeDriver.<init>(ChromeDriver.java:49)
	at examples.testng.TestNGAssertionsDemo.setup(TestNGAssertionsDemo.java:21)
	at java.base/jdk.internal.reflect.NativeMethodAccessorImpl.invoke0(Native Method)
	at java.base/jdk.internal.reflect.NativeMethodAccessorImpl.invoke(NativeMethodAccessorImpl.java:77)
	at java.base/jdk.internal.reflect.DelegatingMethodAccessorImpl.invoke(DelegatingMethodAccessorImpl.java:43)
	at java.base/java.lang.reflect.Method.invoke(Method.java:569)
	at org.testng.internal.invokers.MethodInvocationHelper.invokeMethod(MethodInvocationHelper.java:139)
	at org.testng.internal.invokers.MethodInvocationHelper.invokeMethodConsideringTimeout(MethodInvocationHelper.java:69)
	at org.testng.internal.invokers.ConfigInvoker.invokeConfigurationMethod(ConfigInvoker.java:361)
	at org.testng.internal.invokers.ConfigInvoker.invokeConfigurations(ConfigInvoker.java:296)
	at org.testng.TestRunner.invokeTestConfigurations(TestRunner.java:643)
	at org.testng.TestRunner.beforeRun(TestRunner.java:632)
	at org.testng.TestRunner.run(TestRunner.java:594)
	at org.testng.SuiteRunner.runTest(SuiteRunner.java:433)
	at org.testng.SuiteRunner.runSequentially(SuiteRunner.java:427)
	at org.testng.SuiteRunner.privateRun(SuiteRunner.java:387)
	at org.testng.SuiteRunner.run(SuiteRunner.java:330)
	at org.testng.SuiteRunnerWorker.runSuite(SuiteRunnerWorker.java:52)
	at org.testng.SuiteRunnerWorker.run(SuiteRunnerWorker.java:95)
	at org.testng.TestNG.runSuitesSequentially(TestNG.java:1256)
	at org.testng.TestNG.runSuitesLocally(TestNG.java:1176)
	at org.testng.TestNG.runSuites(TestNG.java:1099)
	at org.testng.TestNG.run(TestNG.java:1067)
	at org.apache.maven.surefire.testng.TestNGExecutor.run(TestNGExecutor.java:151)
	at org.apache.maven.surefire.testng.TestNGDirectoryTestSuite.executeMulti(TestNGDirectoryTestSuite.java:192)
	at org.apache.maven.surefire.testng.TestNGDirectoryTestSuite.execute(TestNGDirectoryTestSuite.java:93)
	at org.apache.maven.surefire.testng.TestNGProvider.invoke(TestNGProvider.java:155)
	at org.apache.maven.surefire.booter.ForkedBooter.runSuitesInProcess(ForkedBooter.java:456)
	at org.apache.maven.surefire.booter.ForkedBooter.execute(ForkedBooter.java:169)
	at org.apache.maven.surefire.booter.ForkedBooter.run(ForkedBooter.java:595)
	at org.apache.maven.surefire.booter.ForkedBooter.main(ForkedBooter.java:581)
]]></failure>
    <system-out><![CDATA[
**********************************************
Starting Test Suite; By Mahmoud ElSharkawy! *
**********************************************


============================================================================================
Starting Configuration Method (Setup or Teardown): [beforeSuite]
============================================================================================

BeforeSuit will run Before All other annotations Only Once

===========================================================================================
Finished Configuration Method (Setup or Teardown): [beforeSuite]
===========================================================================================


**************************************************** Test: [Surefire test] Started ****************************************************


============================================================================================
Starting Configuration Method (Setup or Teardown): [beforeTest]
============================================================================================

BeforeTest will run Before Class Only Once

===========================================================================================
Finished Configuration Method (Setup or Teardown): [beforeTest]
===========================================================================================


============================================================================================
Starting Configuration Method (Setup or Teardown): [setup]
============================================================================================


===========================================================================================
Finished Configuration Method (Setup or Teardown): [setup]
===========================================================================================

]]></system-out>
    <system-err><![CDATA[[main] ERROR io.github.bonigarcia.wdm.online.HttpClient - Error HTTP 404 executing https://chromedriver.storage.googleapis.com/LATEST_RELEASE_133
[main] WARN io.github.bonigarcia.wdm.versions.VersionDetector - Exception reading https://chromedriver.storage.googleapis.com/LATEST_RELEASE_133 to get latest version of chromedriver (Error HTTP 404 executing https://chromedriver.storage.googleapis.com/LATEST_RELEASE_133)
[main] INFO io.github.bonigarcia.wdm.WebDriverManager - Reading https://chromedriver.storage.googleapis.com/ to seek chromedriver
[main] INFO io.github.bonigarcia.wdm.online.Downloader - Downloading https://chromedriver.storage.googleapis.com/114.0.5735.90/chromedriver_linux64.zip
[main] INFO io.github.bonigarcia.wdm.online.Downloader - Extracting driver from compressed file chromedriver_linux64.zip
[main] INFO io.github.bonigarcia.wdm.WebDriverManager - Exporting webdriver.chrome.driver as /home/icanio-10155/.cache/selenium/chromedriver/linux64/114.0.5735.90/chromedriver
Starting ChromeDriver 114.0.5735.90 (386bc09e8f4f2e025eddae123f36f6263096ae49-refs/branch-heads/5735@{#1052}) on port 3304
Only local connections are allowed.
Please see https://chromedriver.chromium.org/security-considerations for suggestions on keeping ChromeDriver safe.
ChromeDriver was started successfully.
]]></system-err>
  </testcase>
  <testcase name="getTitle" classname="examples.testng.TestNGAssertionsDemo" time="0">
    <skipped message="Could not start a new session. Response code 500. Message: session not created: This version of ChromeDriver only supports Chrome version 114&#10;Current browser version is 133.0.6943.141 with binary path /usr/bin/google-chrome &#10;Host info: host: &apos;santhosh&apos;, ip: &apos;127.0.0.1&apos;&#10;Build info: version: &apos;4.5.3&apos;, revision: &apos;4b786a1e430&apos;&#10;System info: os.name: &apos;Linux&apos;, os.arch: &apos;amd64&apos;, os.version: &apos;6.8.0-59-generic&apos;, java.version: &apos;17.0.15&apos;&#10;Driver info: org.openqa.selenium.chrome.ChromeDriver&#10;Command: [null, newSession {capabilities=[Capabilities {browserName: chrome, goog:chromeOptions: {args: [], extensions: []}}], desiredCapabilities=Capabilities {browserName: chrome, goog:chromeOptions: {args: [], extensions: []}}}]"/>
    <system-out><![CDATA[
============================================================================================
Starting Test Case: [getTitle]
============================================================================================


===========================================================================================
Finished Test Case: [getTitle]
===========================================================================================

]]></system-out>
  </testcase>
  <testcase name="getURL" classname="examples.testng.TestNGAssertionsDemo" time="0">
    <skipped message="Could not start a new session. Response code 500. Message: session not created: This version of ChromeDriver only supports Chrome version 114&#10;Current browser version is 133.0.6943.141 with binary path /usr/bin/google-chrome &#10;Host info: host: &apos;santhosh&apos;, ip: &apos;127.0.0.1&apos;&#10;Build info: version: &apos;4.5.3&apos;, revision: &apos;4b786a1e430&apos;&#10;System info: os.name: &apos;Linux&apos;, os.arch: &apos;amd64&apos;, os.version: &apos;6.8.0-59-generic&apos;, java.version: &apos;17.0.15&apos;&#10;Driver info: org.openqa.selenium.chrome.ChromeDriver&#10;Command: [null, newSession {capabilities=[Capabilities {browserName: chrome, goog:chromeOptions: {args: [], extensions: []}}], desiredCapabilities=Capabilities {browserName: chrome, goog:chromeOptions: {args: [], extensions: []}}}]"/>
    <system-out><![CDATA[
============================================================================================
Starting Test Case: [getURL]
============================================================================================


===========================================================================================
Finished Test Case: [getURL]
===========================================================================================

]]></system-out>
  </testcase>
  <testcase name="closeBrowser" classname="examples.testng.TestNGAssertionsDemo" time="0">
    <skipped/>
    <system-out><![CDATA[
============================================================================================
Starting Configuration Method (Setup or Teardown): [closeBrowser]
============================================================================================


===========================================================================================
Finished Configuration Method (Setup or Teardown): [closeBrowser]
===========================================================================================

]]></system-out>
  </testcase>
  <testcase name="setup" classname="examples.testng.TestNGParametersDemo" time="0">
    <skipped/>
    <system-out><![CDATA[
============================================================================================
Starting Configuration Method (Setup or Teardown): [setup]
============================================================================================


===========================================================================================
Finished Configuration Method (Setup or Teardown): [setup]
===========================================================================================

]]></system-out>
  </testcase>
  <testcase name="getURL" classname="examples.testng.TestNGParametersDemo" time="0">
    <skipped message="Could not start a new session. Response code 500. Message: session not created: This version of ChromeDriver only supports Chrome version 114&#10;Current browser version is 133.0.6943.141 with binary path /usr/bin/google-chrome &#10;Host info: host: &apos;santhosh&apos;, ip: &apos;127.0.0.1&apos;&#10;Build info: version: &apos;4.5.3&apos;, revision: &apos;4b786a1e430&apos;&#10;System info: os.name: &apos;Linux&apos;, os.arch: &apos;amd64&apos;, os.version: &apos;6.8.0-59-generic&apos;, java.version: &apos;17.0.15&apos;&#10;Driver info: org.openqa.selenium.chrome.ChromeDriver&#10;Command: [null, newSession {capabilities=[Capabilities {browserName: chrome, goog:chromeOptions: {args: [], extensions: []}}], desiredCapabilities=Capabilities {browserName: chrome, goog:chromeOptions: {args: [], extensions: []}}}]"/>
    <system-out><![CDATA[
============================================================================================
Starting Test Case: [getURL]
============================================================================================


===========================================================================================
Finished Test Case: [getURL]
===========================================================================================

]]></system-out>
  </testcase>
  <testcase name="getTitle" classname="examples.testng.TestNGParametersDemo" time="0">
    <skipped message="Could not start a new session. Response code 500. Message: session not created: This version of ChromeDriver only supports Chrome version 114&#10;Current browser version is 133.0.6943.141 with binary path /usr/bin/google-chrome &#10;Host info: host: &apos;santhosh&apos;, ip: &apos;127.0.0.1&apos;&#10;Build info: version: &apos;4.5.3&apos;, revision: &apos;4b786a1e430&apos;&#10;System info: os.name: &apos;Linux&apos;, os.arch: &apos;amd64&apos;, os.version: &apos;6.8.0-59-generic&apos;, java.version: &apos;17.0.15&apos;&#10;Driver info: org.openqa.selenium.chrome.ChromeDriver&#10;Command: [null, newSession {capabilities=[Capabilities {browserName: chrome, goog:chromeOptions: {args: [], extensions: []}}], desiredCapabilities=Capabilities {browserName: chrome, goog:chromeOptions: {args: [], extensions: []}}}]"/>
    <system-out><![CDATA[
============================================================================================
Starting Test Case: [getTitle]
============================================================================================


===========================================================================================
Finished Test Case: [getTitle]
===========================================================================================

]]></system-out>
  </testcase>
  <testcase name="failedCase" classname="examples.testng.TestNGParametersDemo" time="0">
    <skipped message="Could not start a new session. Response code 500. Message: session not created: This version of ChromeDriver only supports Chrome version 114&#10;Current browser version is 133.0.6943.141 with binary path /usr/bin/google-chrome &#10;Host info: host: &apos;santhosh&apos;, ip: &apos;127.0.0.1&apos;&#10;Build info: version: &apos;4.5.3&apos;, revision: &apos;4b786a1e430&apos;&#10;System info: os.name: &apos;Linux&apos;, os.arch: &apos;amd64&apos;, os.version: &apos;6.8.0-59-generic&apos;, java.version: &apos;17.0.15&apos;&#10;Driver info: org.openqa.selenium.chrome.ChromeDriver&#10;Command: [null, newSession {capabilities=[Capabilities {browserName: chrome, goog:chromeOptions: {args: [], extensions: []}}], desiredCapabilities=Capabilities {browserName: chrome, goog:chromeOptions: {args: [], extensions: []}}}]"/>
    <system-out><![CDATA[
============================================================================================
Starting Test Case: [failedCase]
============================================================================================


===========================================================================================
Finished Test Case: [failedCase]
===========================================================================================

]]></system-out>
  </testcase>
  <testcase name="skippedCase" classname="examples.testng.TestNGParametersDemo" time="0">
    <skipped message="Method examples.testng.TestNGParametersDemo.skippedCase() on instance examples.testng.TestNGParametersDemo@4fcc0416 depends on not successfully finished methods &#10;[examples.testng.TestNGParametersDemo.failedCase() on instance examples.testng.TestNGParametersDemo@4fcc0416]"/>
    <system-out><![CDATA[
============================================================================================
Starting Test Case: [skippedCase]
============================================================================================


===========================================================================================
Finished Test Case: [skippedCase]
===========================================================================================

]]></system-out>
  </testcase>
  <testcase name="quitBrowser" classname="examples.testng.TestNGParametersDemo" time="0">
    <skipped/>
    <system-out><![CDATA[
============================================================================================
Starting Configuration Method (Setup or Teardown): [quitBrowser]
============================================================================================


===========================================================================================
Finished Configuration Method (Setup or Teardown): [quitBrowser]
===========================================================================================

]]></system-out>
  </testcase>
  <testcase name="setup" classname="examples.testng.TestngXmlGroupsDemo" time="0">
    <skipped/>
    <system-out><![CDATA[
============================================================================================
Starting Configuration Method (Setup or Teardown): [setup]
============================================================================================


===========================================================================================
Finished Configuration Method (Setup or Teardown): [setup]
===========================================================================================

]]></system-out>
  </testcase>
  <testcase name="getTitle" classname="examples.testng.TestngXmlGroupsDemo" time="0">
    <skipped message="Could not start a new session. Response code 500. Message: session not created: This version of ChromeDriver only supports Chrome version 114&#10;Current browser version is 133.0.6943.141 with binary path /usr/bin/google-chrome &#10;Host info: host: &apos;santhosh&apos;, ip: &apos;127.0.0.1&apos;&#10;Build info: version: &apos;4.5.3&apos;, revision: &apos;4b786a1e430&apos;&#10;System info: os.name: &apos;Linux&apos;, os.arch: &apos;amd64&apos;, os.version: &apos;6.8.0-59-generic&apos;, java.version: &apos;17.0.15&apos;&#10;Driver info: org.openqa.selenium.chrome.ChromeDriver&#10;Command: [null, newSession {capabilities=[Capabilities {browserName: chrome, goog:chromeOptions: {args: [], extensions: []}}], desiredCapabilities=Capabilities {browserName: chrome, goog:chromeOptions: {args: [], extensions: []}}}]"/>
    <system-out><![CDATA[
============================================================================================
Starting Test Case: [getTitle]
============================================================================================


===========================================================================================
Finished Test Case: [getTitle]
===========================================================================================

]]></system-out>
  </testcase>
  <testcase name="getURL" classname="examples.testng.TestngXmlGroupsDemo" time="0">
    <skipped message="Could not start a new session. Response code 500. Message: session not created: This version of ChromeDriver only supports Chrome version 114&#10;Current browser version is 133.0.6943.141 with binary path /usr/bin/google-chrome &#10;Host info: host: &apos;santhosh&apos;, ip: &apos;127.0.0.1&apos;&#10;Build info: version: &apos;4.5.3&apos;, revision: &apos;4b786a1e430&apos;&#10;System info: os.name: &apos;Linux&apos;, os.arch: &apos;amd64&apos;, os.version: &apos;6.8.0-59-generic&apos;, java.version: &apos;17.0.15&apos;&#10;Driver info: org.openqa.selenium.chrome.ChromeDriver&#10;Command: [null, newSession {capabilities=[Capabilities {browserName: chrome, goog:chromeOptions: {args: [], extensions: []}}], desiredCapabilities=Capabilities {browserName: chrome, goog:chromeOptions: {args: [], extensions: []}}}]"/>
    <system-out><![CDATA[
============================================================================================
Starting Test Case: [getURL]
============================================================================================


===========================================================================================
Finished Test Case: [getURL]
===========================================================================================

]]></system-out>
  </testcase>
  <testcase name="quit" classname="examples.testng.TestngXmlGroupsDemo" time="0">
    <skipped/>
    <system-out><![CDATA[
============================================================================================
Starting Configuration Method (Setup or Teardown): [quit]
============================================================================================


===========================================================================================
Finished Configuration Method (Setup or Teardown): [quit]
===========================================================================================

]]></system-out>
  </testcase>
  <testcase name="classSetup" classname="phptravels.tests.SigninTests" time="0">
    <skipped/>
    <system-out><![CDATA[
============================================================================================
Starting Configuration Method (Setup or Teardown): [classSetup]
============================================================================================


===========================================================================================
Finished Configuration Method (Setup or Teardown): [classSetup]
===========================================================================================

]]></system-out>
  </testcase>
  <testcase name="methodSetup" classname="phptravels.tests.SigninTests" time="0">
    <skipped/>
    <system-out><![CDATA[
============================================================================================
Starting Configuration Method (Setup or Teardown): [methodSetup]
============================================================================================


===========================================================================================
Finished Configuration Method (Setup or Teardown): [methodSetup]
===========================================================================================

]]></system-out>
  </testcase>
  <testcase name="methodSetup" classname="phptravels.tests.SigninTests" time="0">
    <skipped/>
    <system-out><![CDATA[
============================================================================================
Starting Configuration Method (Setup or Teardown): [methodSetup]
============================================================================================


===========================================================================================
Finished Configuration Method (Setup or Teardown): [methodSetup]
===========================================================================================

]]></system-out>
  </testcase>
  <testcase name="testingInvalidUserSignin" classname="phptravels.tests.SigninTests" time="0">
    <skipped message="Could not start a new session. Response code 500. Message: session not created: This version of ChromeDriver only supports Chrome version 114&#10;Current browser version is 133.0.6943.141 with binary path /usr/bin/google-chrome &#10;Host info: host: &apos;santhosh&apos;, ip: &apos;127.0.0.1&apos;&#10;Build info: version: &apos;4.5.3&apos;, revision: &apos;4b786a1e430&apos;&#10;System info: os.name: &apos;Linux&apos;, os.arch: &apos;amd64&apos;, os.version: &apos;6.8.0-59-generic&apos;, java.version: &apos;17.0.15&apos;&#10;Driver info: org.openqa.selenium.chrome.ChromeDriver&#10;Command: [null, newSession {capabilities=[Capabilities {browserName: chrome, goog:chromeOptions: {args: [], extensions: []}}], desiredCapabilities=Capabilities {browserName: chrome, goog:chromeOptions: {args: [], extensions: []}}}]"/>
    <system-out><![CDATA[
============================================================================================
Starting Test Case: [testingInvalidUserSignin]
============================================================================================


===========================================================================================
Finished Test Case: [testingInvalidUserSignin]
===========================================================================================

]]></system-out>
  </testcase>
  <testcase name="methodTearDown" classname="phptravels.tests.SigninTests" time="0">
    <skipped/>
    <system-out><![CDATA[
============================================================================================
Starting Configuration Method (Setup or Teardown): [methodTearDown]
============================================================================================


===========================================================================================
Finished Configuration Method (Setup or Teardown): [methodTearDown]
===========================================================================================

]]></system-out>
  </testcase>
  <testcase name="methodTearDown" classname="phptravels.tests.SigninTests" time="0">
    <skipped/>
    <system-out><![CDATA[
============================================================================================
Starting Configuration Method (Setup or Teardown): [methodTearDown]
============================================================================================


===========================================================================================
Finished Configuration Method (Setup or Teardown): [methodTearDown]
===========================================================================================

]]></system-out>
  </testcase>
  <testcase name="testingValidUserSignin" classname="phptravels.tests.SigninTests" time="0">
    <skipped message="Could not start a new session. Response code 500. Message: session not created: This version of ChromeDriver only supports Chrome version 114&#10;Current browser version is 133.0.6943.141 with binary path /usr/bin/google-chrome &#10;Host info: host: &apos;santhosh&apos;, ip: &apos;127.0.0.1&apos;&#10;Build info: version: &apos;4.5.3&apos;, revision: &apos;4b786a1e430&apos;&#10;System info: os.name: &apos;Linux&apos;, os.arch: &apos;amd64&apos;, os.version: &apos;6.8.0-59-generic&apos;, java.version: &apos;17.0.15&apos;&#10;Driver info: org.openqa.selenium.chrome.ChromeDriver&#10;Command: [null, newSession {capabilities=[Capabilities {browserName: chrome, goog:chromeOptions: {args: [], extensions: []}}], desiredCapabilities=Capabilities {browserName: chrome, goog:chromeOptions: {args: [], extensions: []}}}]"/>
    <system-out><![CDATA[
============================================================================================
Starting Test Case: [testingValidUserSignin]
============================================================================================


===========================================================================================
Finished Test Case: [testingValidUserSignin]
===========================================================================================

]]></system-out>
  </testcase>
  <testcase name="setup" classname="phptravels.tests.AdminUserTests" time="0">
    <skipped/>
    <system-out><![CDATA[
============================================================================================
Starting Configuration Method (Setup or Teardown): [setup]
============================================================================================


===========================================================================================
Finished Configuration Method (Setup or Teardown): [setup]
===========================================================================================

]]></system-out>
  </testcase>
  <testcase name="createNewAdminUserWithLocationPermissions" classname="phptravels.tests.AdminUserTests" time="0">
    <skipped message="Could not start a new session. Response code 500. Message: session not created: This version of ChromeDriver only supports Chrome version 114&#10;Current browser version is 133.0.6943.141 with binary path /usr/bin/google-chrome &#10;Host info: host: &apos;santhosh&apos;, ip: &apos;127.0.0.1&apos;&#10;Build info: version: &apos;4.5.3&apos;, revision: &apos;4b786a1e430&apos;&#10;System info: os.name: &apos;Linux&apos;, os.arch: &apos;amd64&apos;, os.version: &apos;6.8.0-59-generic&apos;, java.version: &apos;17.0.15&apos;&#10;Driver info: org.openqa.selenium.chrome.ChromeDriver&#10;Command: [null, newSession {capabilities=[Capabilities {browserName: chrome, goog:chromeOptions: {args: [], extensions: []}}], desiredCapabilities=Capabilities {browserName: chrome, goog:chromeOptions: {args: [], extensions: []}}}]"/>
    <system-out><![CDATA[
============================================================================================
Starting Test Case: [createNewAdminUserWithLocationPermissions]
============================================================================================


===========================================================================================
Finished Test Case: [createNewAdminUserWithLocationPermissions]
===========================================================================================

]]></system-out>
  </testcase>
  <testcase name="addNewLocation" classname="phptravels.tests.AdminUserTests" time="0">
    <skipped message="Method phptravels.tests.AdminUserTests.addNewLocation() on instance phptravels.tests.AdminUserTests@245a060f depends on not successfully finished methods &#10;[phptravels.tests.AdminUserTests.createNewAdminUserWithLocationPermissions() on instance phptravels.tests.AdminUserTests@245a060f]"/>
    <system-out><![CDATA[
============================================================================================
Starting Test Case: [addNewLocation]
============================================================================================


===========================================================================================
Finished Test Case: [addNewLocation]
===========================================================================================

]]></system-out>
  </testcase>
  <testcase name="updateLocation" classname="phptravels.tests.AdminUserTests" time="0">
    <skipped message="Method phptravels.tests.AdminUserTests.updateLocation() on instance phptravels.tests.AdminUserTests@245a060f depends on not successfully finished methods &#10;[phptravels.tests.AdminUserTests.addNewLocation() on instance phptravels.tests.AdminUserTests@245a060f]"/>
    <system-out><![CDATA[
============================================================================================
Starting Test Case: [updateLocation]
============================================================================================


===========================================================================================
Finished Test Case: [updateLocation]
===========================================================================================

]]></system-out>
  </testcase>
  <testcase name="tearDown" classname="phptravels.tests.AdminUserTests" time="0">
    <skipped/>
    <system-out><![CDATA[
============================================================================================
Starting Configuration Method (Setup or Teardown): [tearDown]
============================================================================================


===========================================================================================
Finished Configuration Method (Setup or Teardown): [tearDown]
===========================================================================================

]]></system-out>
  </testcase>
  <testcase name="classSetup" classname="phptravels.tests.SignupTests" time="0">
    <skipped/>
    <system-out><![CDATA[
============================================================================================
Starting Configuration Method (Setup or Teardown): [classSetup]
============================================================================================


===========================================================================================
Finished Configuration Method (Setup or Teardown): [classSetup]
===========================================================================================

]]></system-out>
  </testcase>
  <testcase name="methodSetup" classname="phptravels.tests.SignupTests" time="0">
    <skipped/>
    <system-out><![CDATA[
============================================================================================
Starting Configuration Method (Setup or Teardown): [methodSetup]
============================================================================================


===========================================================================================
Finished Configuration Method (Setup or Teardown): [methodSetup]
===========================================================================================

]]></system-out>
  </testcase>
  <testcase name="methodSetup" classname="phptravels.tests.SignupTests" time="0">
    <skipped/>
    <system-out><![CDATA[
============================================================================================
Starting Configuration Method (Setup or Teardown): [methodSetup]
============================================================================================


===========================================================================================
Finished Configuration Method (Setup or Teardown): [methodSetup]
===========================================================================================

]]></system-out>
  </testcase>
  <testcase name="testingInvalidUserSignUp_emailWrongFormat" classname="phptravels.tests.SignupTests" time="0">
    <skipped message="Could not start a new session. Response code 500. Message: session not created: This version of ChromeDriver only supports Chrome version 114&#10;Current browser version is 133.0.6943.141 with binary path /usr/bin/google-chrome &#10;Host info: host: &apos;santhosh&apos;, ip: &apos;127.0.0.1&apos;&#10;Build info: version: &apos;4.5.3&apos;, revision: &apos;4b786a1e430&apos;&#10;System info: os.name: &apos;Linux&apos;, os.arch: &apos;amd64&apos;, os.version: &apos;6.8.0-59-generic&apos;, java.version: &apos;17.0.15&apos;&#10;Driver info: org.openqa.selenium.chrome.ChromeDriver&#10;Command: [null, newSession {capabilities=[Capabilities {browserName: chrome, goog:chromeOptions: {args: [], extensions: []}}], desiredCapabilities=Capabilities {browserName: chrome, goog:chromeOptions: {args: [], extensions: []}}}]"/>
    <system-out><![CDATA[
============================================================================================
Starting Test Case: [testingInvalidUserSignUp_emailWrongFormat]
============================================================================================


===========================================================================================
Finished Test Case: [testingInvalidUserSignUp_emailWrongFormat]
===========================================================================================

]]></system-out>
  </testcase>
  <testcase name="methodTearDown" classname="phptravels.tests.SignupTests" time="0">
    <skipped/>
    <system-out><![CDATA[
============================================================================================
Starting Configuration Method (Setup or Teardown): [methodTearDown]
============================================================================================


===========================================================================================
Finished Configuration Method (Setup or Teardown): [methodTearDown]
===========================================================================================

]]></system-out>
  </testcase>
  <testcase name="methodTearDown" classname="phptravels.tests.SignupTests" time="0">
    <skipped/>
    <system-out><![CDATA[
============================================================================================
Starting Configuration Method (Setup or Teardown): [methodTearDown]
============================================================================================


===========================================================================================
Finished Configuration Method (Setup or Teardown): [methodTearDown]
===========================================================================================

]]></system-out>
  </testcase>
  <testcase name="testingValidUserSignUp" classname="phptravels.tests.SignupTests" time="0">
    <skipped message="Could not start a new session. Response code 500. Message: session not created: This version of ChromeDriver only supports Chrome version 114&#10;Current browser version is 133.0.6943.141 with binary path /usr/bin/google-chrome &#10;Host info: host: &apos;santhosh&apos;, ip: &apos;127.0.0.1&apos;&#10;Build info: version: &apos;4.5.3&apos;, revision: &apos;4b786a1e430&apos;&#10;System info: os.name: &apos;Linux&apos;, os.arch: &apos;amd64&apos;, os.version: &apos;6.8.0-59-generic&apos;, java.version: &apos;17.0.15&apos;&#10;Driver info: org.openqa.selenium.chrome.ChromeDriver&#10;Command: [null, newSession {capabilities=[Capabilities {browserName: chrome, goog:chromeOptions: {args: [], extensions: []}}], desiredCapabilities=Capabilities {browserName: chrome, goog:chromeOptions: {args: [], extensions: []}}}]"/>
    <system-out><![CDATA[
============================================================================================
Starting Test Case: [testingValidUserSignUp]
============================================================================================


===========================================================================================
Finished Test Case: [testingValidUserSignUp]
===========================================================================================

]]></system-out>
  </testcase>
  <testcase name="testingInvalidUserSignUp_emailAlreadyExists" classname="phptravels.tests.SignupTests" time="0">
    <skipped message="Method phptravels.tests.SignupTests.testingInvalidUserSignUp_emailAlreadyExists() on instance phptravels.tests.SignupTests@6edaa77a depends on not successfully finished methods &#10;[phptravels.tests.SignupTests.testingValidUserSignUp() on instance phptravels.tests.SignupTests@6edaa77a]"/>
    <system-out><![CDATA[
============================================================================================
Starting Test Case: [testingInvalidUserSignUp_emailAlreadyExists]
============================================================================================


===========================================================================================
Finished Test Case: [testingInvalidUserSignUp_emailAlreadyExists]
===========================================================================================

]]></system-out>
  </testcase>
  <testcase name="setup" classname="google.tests.GoogleSearchTest" time="0">
    <skipped/>
    <system-out><![CDATA[
============================================================================================
Starting Configuration Method (Setup or Teardown): [setup]
============================================================================================


===========================================================================================
Finished Configuration Method (Setup or Teardown): [setup]
===========================================================================================

]]></system-out>
  </testcase>
  <testcase name="TestGoogleSearch" classname="google.tests.GoogleSearchTest" time="0">
    <skipped message="Could not start a new session. Response code 500. Message: session not created: This version of ChromeDriver only supports Chrome version 114&#10;Current browser version is 133.0.6943.141 with binary path /usr/bin/google-chrome &#10;Host info: host: &apos;santhosh&apos;, ip: &apos;127.0.0.1&apos;&#10;Build info: version: &apos;4.5.3&apos;, revision: &apos;4b786a1e430&apos;&#10;System info: os.name: &apos;Linux&apos;, os.arch: &apos;amd64&apos;, os.version: &apos;6.8.0-59-generic&apos;, java.version: &apos;17.0.15&apos;&#10;Driver info: org.openqa.selenium.chrome.ChromeDriver&#10;Command: [null, newSession {capabilities=[Capabilities {browserName: chrome, goog:chromeOptions: {args: [], extensions: []}}], desiredCapabilities=Capabilities {browserName: chrome, goog:chromeOptions: {args: [], extensions: []}}}]"/>
    <system-out><![CDATA[
============================================================================================
Starting Test Case: [TestGoogleSearch]
============================================================================================


===========================================================================================
Finished Test Case: [TestGoogleSearch]
===========================================================================================

]]></system-out>
  </testcase>
  <testcase name="quitWebDriver" classname="google.tests.GoogleSearchTest" time="0">
    <skipped/>
    <system-out><![CDATA[
============================================================================================
Starting Configuration Method (Setup or Teardown): [quitWebDriver]
============================================================================================


===========================================================================================
Finished Configuration Method (Setup or Teardown): [quitWebDriver]
===========================================================================================

]]></system-out>
  </testcase>
  <testcase name="jsonPathFilterTest" classname="examples.restAssured.JsonPathFilterTest" time="0">
    <skipped message="Could not start a new session. Response code 500. Message: session not created: This version of ChromeDriver only supports Chrome version 114&#10;Current browser version is 133.0.6943.141 with binary path /usr/bin/google-chrome &#10;Host info: host: &apos;santhosh&apos;, ip: &apos;127.0.0.1&apos;&#10;Build info: version: &apos;4.5.3&apos;, revision: &apos;4b786a1e430&apos;&#10;System info: os.name: &apos;Linux&apos;, os.arch: &apos;amd64&apos;, os.version: &apos;6.8.0-59-generic&apos;, java.version: &apos;17.0.15&apos;&#10;Driver info: org.openqa.selenium.chrome.ChromeDriver&#10;Command: [null, newSession {capabilities=[Capabilities {browserName: chrome, goog:chromeOptions: {args: [], extensions: []}}], desiredCapabilities=Capabilities {browserName: chrome, goog:chromeOptions: {args: [], extensions: []}}}]"/>
    <system-out><![CDATA[
============================================================================================
Starting Test Case: [jsonPathFilterTest]
============================================================================================


===========================================================================================
Finished Test Case: [jsonPathFilterTest]
===========================================================================================

]]></system-out>
  </testcase>
  <testcase name="beforeClass" classname="examples.testng.TestNGAnnotationsDemo" time="0">
    <skipped/>
    <system-out><![CDATA[
============================================================================================
Starting Configuration Method (Setup or Teardown): [beforeClass]
============================================================================================


===========================================================================================
Finished Configuration Method (Setup or Teardown): [beforeClass]
===========================================================================================

]]></system-out>
  </testcase>
  <testcase name="beforeMethod" classname="examples.testng.TestNGAnnotationsDemo" time="0">
    <skipped/>
    <system-out><![CDATA[
============================================================================================
Starting Configuration Method (Setup or Teardown): [beforeMethod]
============================================================================================


===========================================================================================
Finished Configuration Method (Setup or Teardown): [beforeMethod]
===========================================================================================

]]></system-out>
  </testcase>
  <testcase name="beforeMethod" classname="examples.testng.TestNGAnnotationsDemo" time="0">
    <skipped/>
    <system-out><![CDATA[
============================================================================================
Starting Configuration Method (Setup or Teardown): [beforeMethod]
============================================================================================


===========================================================================================
Finished Configuration Method (Setup or Teardown): [beforeMethod]
===========================================================================================

]]></system-out>
  </testcase>
  <testcase name="TC1" classname="examples.testng.TestNGAnnotationsDemo" time="0">
    <skipped message="Could not start a new session. Response code 500. Message: session not created: This version of ChromeDriver only supports Chrome version 114&#10;Current browser version is 133.0.6943.141 with binary path /usr/bin/google-chrome &#10;Host info: host: &apos;santhosh&apos;, ip: &apos;127.0.0.1&apos;&#10;Build info: version: &apos;4.5.3&apos;, revision: &apos;4b786a1e430&apos;&#10;System info: os.name: &apos;Linux&apos;, os.arch: &apos;amd64&apos;, os.version: &apos;6.8.0-59-generic&apos;, java.version: &apos;17.0.15&apos;&#10;Driver info: org.openqa.selenium.chrome.ChromeDriver&#10;Command: [null, newSession {capabilities=[Capabilities {browserName: chrome, goog:chromeOptions: {args: [], extensions: []}}], desiredCapabilities=Capabilities {browserName: chrome, goog:chromeOptions: {args: [], extensions: []}}}]"/>
    <system-out><![CDATA[
============================================================================================
Starting Test Case: [TC1]
============================================================================================


===========================================================================================
Finished Test Case: [TC1]
===========================================================================================

]]></system-out>
  </testcase>
  <testcase name="afterMethod" classname="examples.testng.TestNGAnnotationsDemo" time="0">
    <skipped/>
    <system-out><![CDATA[
============================================================================================
Starting Configuration Method (Setup or Teardown): [afterMethod]
============================================================================================


===========================================================================================
Finished Configuration Method (Setup or Teardown): [afterMethod]
===========================================================================================

]]></system-out>
  </testcase>
  <testcase name="afterMethod" classname="examples.testng.TestNGAnnotationsDemo" time="0">
    <skipped/>
    <system-out><![CDATA[
============================================================================================
Starting Configuration Method (Setup or Teardown): [afterMethod]
============================================================================================


===========================================================================================
Finished Configuration Method (Setup or Teardown): [afterMethod]
===========================================================================================

]]></system-out>
  </testcase>
  <testcase name="TC2" classname="examples.testng.TestNGAnnotationsDemo" time="0">
    <skipped message="Could not start a new session. Response code 500. Message: session not created: This version of ChromeDriver only supports Chrome version 114&#10;Current browser version is 133.0.6943.141 with binary path /usr/bin/google-chrome &#10;Host info: host: &apos;santhosh&apos;, ip: &apos;127.0.0.1&apos;&#10;Build info: version: &apos;4.5.3&apos;, revision: &apos;4b786a1e430&apos;&#10;System info: os.name: &apos;Linux&apos;, os.arch: &apos;amd64&apos;, os.version: &apos;6.8.0-59-generic&apos;, java.version: &apos;17.0.15&apos;&#10;Driver info: org.openqa.selenium.chrome.ChromeDriver&#10;Command: [null, newSession {capabilities=[Capabilities {browserName: chrome, goog:chromeOptions: {args: [], extensions: []}}], desiredCapabilities=Capabilities {browserName: chrome, goog:chromeOptions: {args: [], extensions: []}}}]"/>
    <system-out><![CDATA[
============================================================================================
Starting Test Case: [TC2]
============================================================================================


===========================================================================================
Finished Test Case: [TC2]
===========================================================================================

]]></system-out>
  </testcase>
  <testcase name="afterClass" classname="examples.testng.TestNGAnnotationsDemo" time="0">
    <skipped/>
    <system-out><![CDATA[
============================================================================================
Starting Configuration Method (Setup or Teardown): [afterClass]
============================================================================================


===========================================================================================
Finished Configuration Method (Setup or Teardown): [afterClass]
===========================================================================================

]]></system-out>
  </testcase>
  <testcase name="afterTest" classname="examples.testng.TestNGAnnotationsDemo" time="0">
    <skipped/>
    <system-out><![CDATA[
============================================================================================
Starting Configuration Method (Setup or Teardown): [afterTest]
============================================================================================


===========================================================================================
Finished Configuration Method (Setup or Teardown): [afterTest]
===========================================================================================

]]></system-out>
  </testcase>
  <testcase name="afterSuite" classname="examples.testng.TestNGAnnotationsDemo" time="0">
    <skipped/>
    <system-out><![CDATA[
**************************************************** Test: [Surefire test] Finished ****************************************************


============================================================================================
Starting Configuration Method (Setup or Teardown): [afterSuite]
============================================================================================


===========================================================================================
Finished Configuration Method (Setup or Teardown): [afterSuite]
===========================================================================================

]]></system-out>
  </testcase>
  <testcase name="beforeGroups1" classname="examples.testng.TestngGroups" time="0">
    <skipped/>
    <system-out><![CDATA[
============================================================================================
Starting Test Case: [beforeGroups1]
============================================================================================


===========================================================================================
Finished Test Case: [beforeGroups1]
===========================================================================================

]]></system-out>
  </testcase>
  <testcase name="beforeMethod" classname="examples.testng.TestngGroups" time="0">
    <skipped/>
    <system-out><![CDATA[
============================================================================================
Starting Configuration Method (Setup or Teardown): [beforeMethod]
============================================================================================


===========================================================================================
Finished Configuration Method (Setup or Teardown): [beforeMethod]
===========================================================================================

]]></system-out>
  </testcase>
  <testcase name="beforeMethod" classname="examples.testng.TestngGroups" time="0">
    <skipped/>
    <system-out><![CDATA[
============================================================================================
Starting Configuration Method (Setup or Teardown): [beforeMethod]
============================================================================================


===========================================================================================
Finished Configuration Method (Setup or Teardown): [beforeMethod]
===========================================================================================

]]></system-out>
  </testcase>
  <testcase name="test1" classname="examples.testng.TestngGroups" time="0">
    <skipped message="Could not start a new session. Response code 500. Message: session not created: This version of ChromeDriver only supports Chrome version 114&#10;Current browser version is 133.0.6943.141 with binary path /usr/bin/google-chrome &#10;Host info: host: &apos;santhosh&apos;, ip: &apos;127.0.0.1&apos;&#10;Build info: version: &apos;4.5.3&apos;, revision: &apos;4b786a1e430&apos;&#10;System info: os.name: &apos;Linux&apos;, os.arch: &apos;amd64&apos;, os.version: &apos;6.8.0-59-generic&apos;, java.version: &apos;17.0.15&apos;&#10;Driver info: org.openqa.selenium.chrome.ChromeDriver&#10;Command: [null, newSession {capabilities=[Capabilities {browserName: chrome, goog:chromeOptions: {args: [], extensions: []}}], desiredCapabilities=Capabilities {browserName: chrome, goog:chromeOptions: {args: [], extensions: []}}}]"/>
    <system-out><![CDATA[
============================================================================================
Starting Test Case: [test1]
============================================================================================


===========================================================================================
Finished Test Case: [test1]
===========================================================================================

]]></system-out>
  </testcase>
  <testcase name="beforeGroups2" classname="examples.testng.TestngGroups" time="0">
    <skipped/>
    <system-out><![CDATA[
============================================================================================
Starting Test Case: [beforeGroups2]
============================================================================================


===========================================================================================
Finished Test Case: [beforeGroups2]
===========================================================================================

]]></system-out>
  </testcase>
  <testcase name="test2" classname="examples.testng.TestngGroups" time="0">
    <skipped message="Could not start a new session. Response code 500. Message: session not created: This version of ChromeDriver only supports Chrome version 114&#10;Current browser version is 133.0.6943.141 with binary path /usr/bin/google-chrome &#10;Host info: host: &apos;santhosh&apos;, ip: &apos;127.0.0.1&apos;&#10;Build info: version: &apos;4.5.3&apos;, revision: &apos;4b786a1e430&apos;&#10;System info: os.name: &apos;Linux&apos;, os.arch: &apos;amd64&apos;, os.version: &apos;6.8.0-59-generic&apos;, java.version: &apos;17.0.15&apos;&#10;Driver info: org.openqa.selenium.chrome.ChromeDriver&#10;Command: [null, newSession {capabilities=[Capabilities {browserName: chrome, goog:chromeOptions: {args: [], extensions: []}}], desiredCapabilities=Capabilities {browserName: chrome, goog:chromeOptions: {args: [], extensions: []}}}]"/>
    <system-out><![CDATA[
============================================================================================
Starting Test Case: [test2]
============================================================================================


===========================================================================================
Finished Test Case: [test2]
===========================================================================================

]]></system-out>
  </testcase>
  <testcase name="test3" classname="examples.testng.TestngGroups" time="0">
    <skipped message="Could not start a new session. Response code 500. Message: session not created: This version of ChromeDriver only supports Chrome version 114&#10;Current browser version is 133.0.6943.141 with binary path /usr/bin/google-chrome &#10;Host info: host: &apos;santhosh&apos;, ip: &apos;127.0.0.1&apos;&#10;Build info: version: &apos;4.5.3&apos;, revision: &apos;4b786a1e430&apos;&#10;System info: os.name: &apos;Linux&apos;, os.arch: &apos;amd64&apos;, os.version: &apos;6.8.0-59-generic&apos;, java.version: &apos;17.0.15&apos;&#10;Driver info: org.openqa.selenium.chrome.ChromeDriver&#10;Command: [null, newSession {capabilities=[Capabilities {browserName: chrome, goog:chromeOptions: {args: [], extensions: []}}], desiredCapabilities=Capabilities {browserName: chrome, goog:chromeOptions: {args: [], extensions: []}}}]"/>
    <system-out><![CDATA[
============================================================================================
Starting Test Case: [test3]
============================================================================================


===========================================================================================
Finished Test Case: [test3]
===========================================================================================

]]></system-out>
  </testcase>
  <testcase name="afterGroups1" classname="examples.testng.TestngGroups" time="0">
    <skipped/>
    <system-out><![CDATA[
============================================================================================
Starting Test Case: [afterGroups1]
============================================================================================


===========================================================================================
Finished Test Case: [afterGroups1]
===========================================================================================

]]></system-out>
  </testcase>
  <testcase name="test4" classname="examples.testng.TestngGroups" time="0">
    <skipped message="Could not start a new session. Response code 500. Message: session not created: This version of ChromeDriver only supports Chrome version 114&#10;Current browser version is 133.0.6943.141 with binary path /usr/bin/google-chrome &#10;Host info: host: &apos;santhosh&apos;, ip: &apos;127.0.0.1&apos;&#10;Build info: version: &apos;4.5.3&apos;, revision: &apos;4b786a1e430&apos;&#10;System info: os.name: &apos;Linux&apos;, os.arch: &apos;amd64&apos;, os.version: &apos;6.8.0-59-generic&apos;, java.version: &apos;17.0.15&apos;&#10;Driver info: org.openqa.selenium.chrome.ChromeDriver&#10;Command: [null, newSession {capabilities=[Capabilities {browserName: chrome, goog:chromeOptions: {args: [], extensions: []}}], desiredCapabilities=Capabilities {browserName: chrome, goog:chromeOptions: {args: [], extensions: []}}}]"/>
    <system-out><![CDATA[
============================================================================================
Starting Test Case: [test4]
============================================================================================


===========================================================================================
Finished Test Case: [test4]
===========================================================================================

]]></system-out>
  </testcase>
  <testcase name="afterGroups2" classname="examples.testng.TestngGroups" time="0">
    <skipped/>
    <system-out><![CDATA[
============================================================================================
Starting Test Case: [afterGroups2]
============================================================================================


===========================================================================================
Finished Test Case: [afterGroups2]
===========================================================================================

]]></system-out>
  </testcase>
  <testcase name="beforeClass" classname="restfulbooker.tests.RestfulbookerTests" time="0">
    <skipped/>
    <system-out><![CDATA[
============================================================================================
Starting Configuration Method (Setup or Teardown): [beforeClass]
============================================================================================


===========================================================================================
Finished Configuration Method (Setup or Teardown): [beforeClass]
===========================================================================================

]]></system-out>
  </testcase>
  <testcase name="createBooking" classname="restfulbooker.tests.RestfulbookerTests" time="0">
    <skipped message="Could not start a new session. Response code 500. Message: session not created: This version of ChromeDriver only supports Chrome version 114&#10;Current browser version is 133.0.6943.141 with binary path /usr/bin/google-chrome &#10;Host info: host: &apos;santhosh&apos;, ip: &apos;127.0.0.1&apos;&#10;Build info: version: &apos;4.5.3&apos;, revision: &apos;4b786a1e430&apos;&#10;System info: os.name: &apos;Linux&apos;, os.arch: &apos;amd64&apos;, os.version: &apos;6.8.0-59-generic&apos;, java.version: &apos;17.0.15&apos;&#10;Driver info: org.openqa.selenium.chrome.ChromeDriver&#10;Command: [null, newSession {capabilities=[Capabilities {browserName: chrome, goog:chromeOptions: {args: [], extensions: []}}], desiredCapabilities=Capabilities {browserName: chrome, goog:chromeOptions: {args: [], extensions: []}}}]"/>
    <system-out><![CDATA[
============================================================================================
Starting Test Case: [createBooking]
============================================================================================


===========================================================================================
Finished Test Case: [createBooking]
===========================================================================================

]]></system-out>
  </testcase>
  <testcase name="deleteBooking" classname="restfulbooker.tests.RestfulbookerTests" time="0">
    <skipped message="Method restfulbooker.tests.RestfulbookerTests.deleteBooking() on instance restfulbooker.tests.RestfulbookerTests@bb095 depends on not successfully finished methods &#10;[restfulbooker.tests.RestfulbookerTests.createBooking() on instance restfulbooker.tests.RestfulbookerTests@bb095]"/>
    <system-out><![CDATA[
============================================================================================
Starting Test Case: [deleteBooking]
============================================================================================


===========================================================================================
Finished Test Case: [deleteBooking]
===========================================================================================

]]></system-out>
  </testcase>
  <testcase name="setup" classname="pom.fluent.GoogleSearchTest" time="0">
    <skipped/>
    <system-out><![CDATA[
============================================================================================
Starting Configuration Method (Setup or Teardown): [setup]
============================================================================================


===========================================================================================
Finished Configuration Method (Setup or Teardown): [setup]
===========================================================================================

]]></system-out>
  </testcase>
  <testcase name="TestGoogleSearch" classname="pom.fluent.GoogleSearchTest" time="0">
    <skipped message="Could not start a new session. Response code 500. Message: session not created: This version of ChromeDriver only supports Chrome version 114&#10;Current browser version is 133.0.6943.141 with binary path /usr/bin/google-chrome &#10;Host info: host: &apos;santhosh&apos;, ip: &apos;127.0.0.1&apos;&#10;Build info: version: &apos;4.5.3&apos;, revision: &apos;4b786a1e430&apos;&#10;System info: os.name: &apos;Linux&apos;, os.arch: &apos;amd64&apos;, os.version: &apos;6.8.0-59-generic&apos;, java.version: &apos;17.0.15&apos;&#10;Driver info: org.openqa.selenium.chrome.ChromeDriver&#10;Command: [null, newSession {capabilities=[Capabilities {browserName: chrome, goog:chromeOptions: {args: [], extensions: []}}], desiredCapabilities=Capabilities {browserName: chrome, goog:chromeOptions: {args: [], extensions: []}}}]"/>
    <system-out><![CDATA[
============================================================================================
Starting Test Case: [TestGoogleSearch]
============================================================================================


===========================================================================================
Finished Test Case: [TestGoogleSearch]
===========================================================================================

]]></system-out>
  </testcase>
  <testcase name="quitWebDriver" classname="pom.fluent.GoogleSearchTest" time="0">
    <skipped/>
    <system-out><![CDATA[
============================================================================================
Starting Configuration Method (Setup or Teardown): [quitWebDriver]
============================================================================================


===========================================================================================
Finished Configuration Method (Setup or Teardown): [quitWebDriver]
===========================================================================================

]]></system-out>
  </testcase>
  <testcase name="initWebDriver" classname="pom.basic.GoogleSearchTest" time="0">
    <skipped/>
    <system-out><![CDATA[
============================================================================================
Starting Configuration Method (Setup or Teardown): [initWebDriver]
============================================================================================


===========================================================================================
Finished Configuration Method (Setup or Teardown): [initWebDriver]
===========================================================================================

]]></system-out>
  </testcase>
  <testcase name="TestGoogleSearch" classname="pom.basic.GoogleSearchTest" time="0">
    <skipped message="Could not start a new session. Response code 500. Message: session not created: This version of ChromeDriver only supports Chrome version 114&#10;Current browser version is 133.0.6943.141 with binary path /usr/bin/google-chrome &#10;Host info: host: &apos;santhosh&apos;, ip: &apos;127.0.0.1&apos;&#10;Build info: version: &apos;4.5.3&apos;, revision: &apos;4b786a1e430&apos;&#10;System info: os.name: &apos;Linux&apos;, os.arch: &apos;amd64&apos;, os.version: &apos;6.8.0-59-generic&apos;, java.version: &apos;17.0.15&apos;&#10;Driver info: org.openqa.selenium.chrome.ChromeDriver&#10;Command: [null, newSession {capabilities=[Capabilities {browserName: chrome, goog:chromeOptions: {args: [], extensions: []}}], desiredCapabilities=Capabilities {browserName: chrome, goog:chromeOptions: {args: [], extensions: []}}}]"/>
    <system-out><![CDATA[
============================================================================================
Starting Test Case: [TestGoogleSearch]
============================================================================================


===========================================================================================
Finished Test Case: [TestGoogleSearch]
===========================================================================================

]]></system-out>
  </testcase>
  <testcase name="quitWebDriver" classname="pom.basic.GoogleSearchTest" time="0">
    <skipped/>
    <system-out><![CDATA[
============================================================================================
Starting Configuration Method (Setup or Teardown): [quitWebDriver]
============================================================================================


===========================================================================================
Finished Configuration Method (Setup or Teardown): [quitWebDriver]
===========================================================================================

]]></system-out>
  </testcase>
  <testcase name="beforeClass" classname="jsonPlaceholder.api.tests.JsonPlaceholderTests" time="0">
    <skipped/>
    <system-out><![CDATA[
============================================================================================
Starting Configuration Method (Setup or Teardown): [beforeClass]
============================================================================================


===========================================================================================
Finished Configuration Method (Setup or Teardown): [beforeClass]
===========================================================================================

]]></system-out>
  </testcase>
  <testcase name="jsonPlaceholderUser" classname="jsonPlaceholder.api.tests.JsonPlaceholderTests" time="0">
    <skipped message="Could not start a new session. Response code 500. Message: session not created: This version of ChromeDriver only supports Chrome version 114&#10;Current browser version is 133.0.6943.141 with binary path /usr/bin/google-chrome &#10;Host info: host: &apos;santhosh&apos;, ip: &apos;127.0.0.1&apos;&#10;Build info: version: &apos;4.5.3&apos;, revision: &apos;4b786a1e430&apos;&#10;System info: os.name: &apos;Linux&apos;, os.arch: &apos;amd64&apos;, os.version: &apos;6.8.0-59-generic&apos;, java.version: &apos;17.0.15&apos;&#10;Driver info: org.openqa.selenium.chrome.ChromeDriver&#10;Command: [null, newSession {capabilities=[Capabilities {browserName: chrome, goog:chromeOptions: {args: [], extensions: []}}], desiredCapabilities=Capabilities {browserName: chrome, goog:chromeOptions: {args: [], extensions: []}}}]"/>
    <system-out><![CDATA[
============================================================================================
Starting Test Case: [jsonPlaceholderUser]
============================================================================================


===========================================================================================
Finished Test Case: [jsonPlaceholderUser]
===========================================================================================

]]></system-out>
  </testcase>
</testsuite>